<?xml version="1.0" encoding="UTF-8"?>
<testng-results ignored="4" total="7" passed="3" failed="0" skipped="0">
  <reporter-output>
  </reporter-output>
  <suite started-at="2022-11-02T11:02:26 IST" name="Suite" finished-at="2022-11-02T11:04:15 IST" duration-ms="108604">
    <groups>
      <group name="regression">
        <method signature="CreateCon.createCon()[pri:0, instance:VerifyVtiger_pom.CreateCon@52719fb6]" name="createCon" class="VerifyVtiger_pom.CreateCon"/>
        <method signature="CreateOrg.createOrg()[pri:0, instance:VerifyVtiger_pom.CreateOrg@5d534f5d]" name="createOrg" class="VerifyVtiger_pom.CreateOrg"/>
        <method signature="CreateOrgInd.createOrgInd()[pri:0, instance:VerifyVtiger_pom.CreateOrgInd@3012646b]" name="createOrgInd" class="VerifyVtiger_pom.CreateOrgInd"/>
      </group> <!-- regression -->
      <group name="integration">
        <method signature="CreateCon.createCon()[pri:0, instance:VerifyVtiger_pom.CreateCon@52719fb6]" name="createCon" class="VerifyVtiger_pom.CreateCon"/>
        <method signature="CreateOrg.createOrg()[pri:0, instance:VerifyVtiger_pom.CreateOrg@5d534f5d]" name="createOrg" class="VerifyVtiger_pom.CreateOrg"/>
        <method signature="CreateOrgInd.createOrgInd()[pri:0, instance:VerifyVtiger_pom.CreateOrgInd@3012646b]" name="createOrgInd" class="VerifyVtiger_pom.CreateOrgInd"/>
      </group> <!-- integration -->
      <group name="smoke">
        <method signature="CreateCon.createCon()[pri:0, instance:VerifyVtiger_pom.CreateCon@52719fb6]" name="createCon" class="VerifyVtiger_pom.CreateCon"/>
        <method signature="CreateOrg.createOrg()[pri:0, instance:VerifyVtiger_pom.CreateOrg@5d534f5d]" name="createOrg" class="VerifyVtiger_pom.CreateOrg"/>
        <method signature="CreateOrgInd.createOrgInd()[pri:0, instance:VerifyVtiger_pom.CreateOrgInd@3012646b]" name="createOrgInd" class="VerifyVtiger_pom.CreateOrgInd"/>
      </group> <!-- smoke -->
    </groups>
    <test started-at="2022-11-02T11:02:26 IST" name="Test" finished-at="2022-11-02T11:04:15 IST" duration-ms="108604">
      <class name="VerifyVtiger_pom.CreateOrgInd">
        <test-method is-config="true" signature="launchBrowser()[pri:0, instance:VerifyVtiger_pom.CreateOrgInd@3012646b]" started-at="2022-11-02T11:03:46 IST" name="launchBrowser" finished-at="2022-11-02T11:03:48 IST" duration-ms="1946" status="PASS">
          <reporter-output>
          </reporter-output>
        </test-method> <!-- launchBrowser -->
        <test-method is-config="true" signature="logintoApp()[pri:0, instance:VerifyVtiger_pom.CreateOrgInd@3012646b]" started-at="2022-11-02T11:03:48 IST" name="logintoApp" finished-at="2022-11-02T11:03:51 IST" duration-ms="2641" status="PASS">
          <reporter-output>
          </reporter-output>
        </test-method> <!-- logintoApp -->
        <test-method signature="createOrgInd()[pri:0, instance:VerifyVtiger_pom.CreateOrgInd@3012646b]" started-at="2022-11-02T11:03:51 IST" name="createOrgInd" finished-at="2022-11-02T11:03:57 IST" duration-ms="6124" status="PASS">
          <reporter-output>
          </reporter-output>
        </test-method> <!-- createOrgInd -->
        <test-method is-config="true" signature="logoutfromApp()[pri:0, instance:VerifyVtiger_pom.CreateOrgInd@3012646b]" started-at="2022-11-02T11:03:57 IST" name="logoutfromApp" finished-at="2022-11-02T11:03:58 IST" duration-ms="1575" status="PASS">
          <reporter-output>
          </reporter-output>
        </test-method> <!-- logoutfromApp -->
        <test-method is-config="true" signature="closeBrowser()[pri:0, instance:VerifyVtiger_pom.CreateOrgInd@3012646b]" started-at="2022-11-02T11:03:58 IST" name="closeBrowser" finished-at="2022-11-02T11:04:15 IST" duration-ms="16282" status="PASS">
          <reporter-output>
          </reporter-output>
        </test-method> <!-- closeBrowser -->
      </class> <!-- VerifyVtiger_pom.CreateOrgInd -->
      <class name="VerifyVtiger_pom.CreateOrg">
        <test-method is-config="true" signature="dataBaseConnection()[pri:0, instance:VerifyVtiger_pom.CreateOrg@5d534f5d]" started-at="2022-11-02T11:02:26 IST" name="dataBaseConnection" finished-at="2022-11-02T11:02:26 IST" duration-ms="4" status="PASS">
          <reporter-output>
          </reporter-output>
        </test-method> <!-- dataBaseConnection -->
        <test-method is-config="true" signature="launchBrowser()[pri:0, instance:VerifyVtiger_pom.CreateOrg@5d534f5d]" started-at="2022-11-02T11:02:26 IST" name="launchBrowser" finished-at="2022-11-02T11:02:37 IST" duration-ms="10859" status="PASS">
          <reporter-output>
          </reporter-output>
        </test-method> <!-- launchBrowser -->
        <test-method is-config="true" signature="logintoApp()[pri:0, instance:VerifyVtiger_pom.CreateOrg@5d534f5d]" started-at="2022-11-02T11:02:37 IST" name="logintoApp" finished-at="2022-11-02T11:02:45 IST" duration-ms="7961" status="PASS">
          <reporter-output>
          </reporter-output>
        </test-method> <!-- logintoApp -->
        <test-method signature="createOrg()[pri:0, instance:VerifyVtiger_pom.CreateOrg@5d534f5d]" started-at="2022-11-02T11:02:45 IST" name="createOrg" finished-at="2022-11-02T11:03:00 IST" duration-ms="14654" status="PASS">
          <reporter-output>
          </reporter-output>
        </test-method> <!-- createOrg -->
        <test-method is-config="true" signature="logoutfromApp()[pri:0, instance:VerifyVtiger_pom.CreateOrg@5d534f5d]" started-at="2022-11-02T11:03:00 IST" name="logoutfromApp" finished-at="2022-11-02T11:03:10 IST" duration-ms="9811" status="PASS">
          <reporter-output>
          </reporter-output>
        </test-method> <!-- logoutfromApp -->
        <test-method is-config="true" signature="closeBrowser()[pri:0, instance:VerifyVtiger_pom.CreateOrg@5d534f5d]" started-at="2022-11-02T11:03:10 IST" name="closeBrowser" finished-at="2022-11-02T11:03:10 IST" duration-ms="107" status="PASS">
          <reporter-output>
          </reporter-output>
        </test-method> <!-- closeBrowser -->
        <test-method is-config="true" signature="disConnectDatavbase()[pri:0, instance:VerifyVtiger_pom.CreateOrg@5d534f5d]" started-at="2022-11-02T11:04:15 IST" name="disConnectDatavbase" finished-at="2022-11-02T11:04:15 IST" duration-ms="0" status="PASS">
          <reporter-output>
          </reporter-output>
        </test-method> <!-- disConnectDatavbase -->
      </class> <!-- VerifyVtiger_pom.CreateOrg -->
      <class name="VerifyVtiger_pom.CreateCon">
        <test-method is-config="true" signature="launchBrowser()[pri:0, instance:VerifyVtiger_pom.CreateCon@52719fb6]" started-at="2022-11-02T11:03:10 IST" name="launchBrowser" finished-at="2022-11-02T11:03:12 IST" duration-ms="1944" status="PASS">
          <reporter-output>
          </reporter-output>
        </test-method> <!-- launchBrowser -->
        <test-method is-config="true" signature="logintoApp()[pri:0, instance:VerifyVtiger_pom.CreateCon@52719fb6]" started-at="2022-11-02T11:03:12 IST" name="logintoApp" finished-at="2022-11-02T11:03:14 IST" duration-ms="2770" status="PASS">
          <reporter-output>
          </reporter-output>
        </test-method> <!-- logintoApp -->
        <test-method signature="createCon()[pri:0, instance:VerifyVtiger_pom.CreateCon@52719fb6]" started-at="2022-11-02T11:03:14 IST" name="createCon" finished-at="2022-11-02T11:03:28 IST" duration-ms="13820" status="PASS">
          <reporter-output>
          </reporter-output>
        </test-method> <!-- createCon -->
        <test-method is-config="true" signature="logoutfromApp()[pri:0, instance:VerifyVtiger_pom.CreateCon@52719fb6]" started-at="2022-11-02T11:03:28 IST" name="logoutfromApp" finished-at="2022-11-02T11:03:30 IST" duration-ms="1588" status="PASS">
          <reporter-output>
          </reporter-output>
        </test-method> <!-- logoutfromApp -->
        <test-method is-config="true" signature="closeBrowser()[pri:0, instance:VerifyVtiger_pom.CreateCon@52719fb6]" started-at="2022-11-02T11:03:30 IST" name="closeBrowser" finished-at="2022-11-02T11:03:46 IST" duration-ms="16257" status="PASS">
          <reporter-output>
          </reporter-output>
        </test-method> <!-- closeBrowser -->
      </class> <!-- VerifyVtiger_pom.CreateCon -->
    </test> <!-- Test -->
  </suite> <!-- Suite -->
</testng-results>
