<?xml version="1.0" encoding="UTF-8"?>
<!-- Generated by org.testng.reporters.JUnitXMLReporter -->
<testsuite ignored="0" hostname="LAPTOP-U9JM6QUT" failures="1" tests="1" name="chrome" time="19.961" errors="0" timestamp="2022-10-18T16:59:39 IST">
  <testcase classname="VerifyVtiger_pom.CreateOrgInd" name="createOrgInd" time="12.78">
    <failure type="java.lang.AssertionError" message="expected [[ ACC93 ] TestYantyra Org463 - Organization Information] but found [TestYantyra Org463]">
      <![CDATA[java.lang.AssertionError: expected [[ ACC93 ] TestYantyra Org463 - Organization Information] but found [TestYantyra Org463]
at VerifyVtiger_pom.CreateOrgInd.createOrgInd(CreateOrgInd.java:43)
at java.base/java.util.concurrent.ThreadPoolExecutor.runWorker(ThreadPoolExecutor.java:1136)
at java.base/java.util.concurrent.ThreadPoolExecutor$Worker.run(ThreadPoolExecutor.java:635)
at java.base/java.lang.Thread.run(Thread.java:833)
... Removed 18 stack frames]]>
    </failure>
  </testcase> <!-- createOrgInd -->
</testsuite> <!-- chrome -->
