<?xml version="1.0" encoding="UTF-8"?>
<!-- Generated by org.testng.reporters.JUnitXMLReporter -->
<testsuite ignored="0" hostname="LAPTOP-U9JM6QUT" failures="0" tests="1" name="chrome" time="0.036" errors="0" timestamp="2022-11-02T10:58:18 IST">
  <testcase classname="GenericUtility.BaseClass" name="@BeforeClass launchBrowser" time="0.001">
    <failure type="java.lang.NullPointerException" message="Cannot invoke &amp;quot;String.equals(Object)&amp;quot; because &amp;quot;browser&amp;quot; is null">
      <![CDATA[java.lang.NullPointerException: Cannot invoke "String.equals(Object)" because "browser" is null
at GenericUtility.BaseClass.launchBrowser(BaseClass.java:48)
at java.base/java.util.concurrent.ThreadPoolExecutor.runWorker(ThreadPoolExecutor.java:1136)
at java.base/java.util.concurrent.ThreadPoolExecutor$Worker.run(ThreadPoolExecutor.java:635)
at java.base/java.lang.Thread.run(Thread.java:833)
... Removed 10 stack frames]]>
    </failure>
  </testcase> <!-- @BeforeClass launchBrowser -->
  <testcase classname="GenericUtility.BaseClass" name="@BeforeMethod logintoApp" time="-1.667366898772E9">
    <skipped/>
  </testcase> <!-- @BeforeMethod logintoApp -->
  <testcase classname="GenericUtility.BaseClass" name="@AfterMethod logoutfromApp" time="-1.667366898776E9">
    <skipped/>
  </testcase> <!-- @AfterMethod logoutfromApp -->
  <testcase classname="GenericUtility.BaseClass" name="@AfterClass closeBrowser" time="-1.667366898779E9">
    <skipped/>
  </testcase> <!-- @AfterClass closeBrowser -->
  <testcase classname="VerifyVtiger_pom.CreateOrgInd" name="createOrgInd" time="0.0">
    <skipped/>
  </testcase> <!-- createOrgInd -->
</testsuite> <!-- chrome -->
