<?xml version="1.0" encoding="UTF-8"?>
<!-- Generated by org.testng.reporters.JUnitXMLReporter -->
<testsuite ignored="6" hostname="LAPTOP-U9JM6QUT" failures="0" tests="0" time="0.009" errors="0" timestamp="2022-10-17T09:44:07 IST">
  <testcase classname="testNG_ParsPac.Demo" name="test2" time="0.0">
    <ignored/>
  </testcase> <!-- test2 -->
  <testcase classname="testNG_ParsPac.Sample" name="createaccount" time="0.0">
    <ignored/>
  </testcase> <!-- createaccount -->
  <testcase classname="testNG_ParsPac.Demo" name="test4" time="0.0">
    <ignored/>
  </testcase> <!-- test4 -->
  <testcase classname="testNG_ParsPac.Sample" name="createOrg" time="0.0">
    <ignored/>
  </testcase> <!-- createOrg -->
  <testcase classname="testNG_ParsPac.Demo" name="test3" time="0.0">
    <ignored/>
  </testcase> <!-- test3 -->
  <testcase classname="testNG_ParsPac.Sample" name="allconditions" time="0.0">
    <ignored/>
  </testcase> <!-- allconditions -->
</testsuite>
