<?xml version="1.0" encoding="UTF-8"?>
<!-- Generated by org.testng.reporters.JUnitXMLReporter -->
<testsuite ignored="1" hostname="LAPTOP-U9JM6QUT" failures="0" tests="2" name="smoke1" time="0.038" errors="0" timestamp="2022-10-18T17:16:47 IST">
  <testcase classname="testNG_ParsPac.Sample" name="allconditions" time="0.007"/>
  <testcase classname="testNG_ParsPac.Sample" name="createaccount" time="0.001"/>
  <testcase classname="testNG_ParsPac.Sample" name="createOrg" time="0.0">
    <ignored/>
  </testcase> <!-- createOrg -->
</testsuite> <!-- smoke1 -->
