<?xml version="1.0" encoding="UTF-8"?>
<!-- Generated by org.testng.reporters.JUnitXMLReporter -->
<testsuite ignored="4" hostname="LAPTOP-U9JM6QUT" failures="0" tests="3" name="Test" time="34.198" errors="0" timestamp="2022-10-21T10:11:01 IST">
  <testcase classname="VerifyVtiger_pom.CreateOrgInd" name="createOrgInd" time="4.442"/>
  <testcase classname="VerifyVtiger_pom.CreateOrg" name="createOrg" time="5.905"/>
  <testcase classname="VerifyVtiger_pom.CreateCon" name="createCon" time="11.712"/>
  <testcase classname="GenericUtility.BaseClass" name="@BeforeSuite dataBaseConnection" time="0.0">
    <ignored/>
  </testcase> <!-- @BeforeSuite dataBaseConnection -->
  <testcase classname="GenericUtility.BaseClass" name="@BeforeSuite dataBaseConnection" time="0.0">
    <ignored/>
  </testcase> <!-- @BeforeSuite dataBaseConnection -->
  <testcase classname="GenericUtility.BaseClass" name="@BeforeSuite dataBaseDisConnection" time="0.0">
    <ignored/>
  </testcase> <!-- @BeforeSuite dataBaseDisConnection -->
  <testcase classname="GenericUtility.BaseClass" name="@BeforeSuite dataBaseDisConnection" time="0.0">
    <ignored/>
  </testcase> <!-- @BeforeSuite dataBaseDisConnection -->
</testsuite> <!-- Test -->
