<?xml version="1.0" encoding="UTF-8"?>
<!-- Generated by org.testng.reporters.JUnitXMLReporter -->
<testsuite ignored="4" hostname="LAPTOP-U9JM6QUT" failures="1" tests="3" name="Test" time="89.84" errors="0" timestamp="2022-10-18T17:56:48 IST">
  <testcase classname="VerifyVtiger_pom.CreateOrgInd" name="createOrgInd" time="13.185">
    <failure type="java.lang.AssertionError" message="expected [[ ACC97 ] TestYantyra Org925 - Organization Information] but found [TestYantyra Org925]">
      <![CDATA[java.lang.AssertionError: expected [[ ACC97 ] TestYantyra Org925 - Organization Information] but found [TestYantyra Org925]
at VerifyVtiger_pom.CreateOrgInd.createOrgInd(CreateOrgInd.java:43)
at java.base/java.util.ArrayList.forEach(ArrayList.java:1511)
... Removed 33 stack frames]]>
    </failure>
  </testcase> <!-- createOrgInd -->
  <testcase classname="VerifyVtiger_pom.CreateOrg" name="createOrg" time="9.67"/>
  <testcase classname="VerifyVtiger_pom.CreateCon" name="createCon" time="13.924"/>
  <testcase classname="GenericUtility.BaseClass" name="@BeforeSuite dataBaseConnection" time="0.0">
    <ignored/>
  </testcase> <!-- @BeforeSuite dataBaseConnection -->
  <testcase classname="GenericUtility.BaseClass" name="@BeforeSuite dataBaseConnection" time="0.0">
    <ignored/>
  </testcase> <!-- @BeforeSuite dataBaseConnection -->
  <testcase classname="GenericUtility.BaseClass" name="@BeforeSuite dataBaseDisConnection" time="0.0">
    <ignored/>
  </testcase> <!-- @BeforeSuite dataBaseDisConnection -->
  <testcase classname="GenericUtility.BaseClass" name="@BeforeSuite dataBaseDisConnection" time="0.0">
    <ignored/>
  </testcase> <!-- @BeforeSuite dataBaseDisConnection -->
</testsuite> <!-- Test -->
